01:00:59.041 [main                     ] DEBUG Logger               - Configured Logger
01:00:59.065 [main                     ] DEBUG GameApplication      - Logging settings
Title: Untitled
Version: 0.0
Width: 1000
Height: 600
Fullscreen: false
Intro: false
Profiling: false
Single step:false
App Mode: DEVELOPER
Menu Key: ESCAPE
Stage Style: DECORATED
Scene Factory: class com.almasb.fxgl.app.scene.SceneFactory

01:00:59.526 [JavaFX Application Thread] DEBUG FXGLApplication      - Initializing FXGL
01:00:59.531 [JavaFX Application Thread] INFO  Engine               - FXGL-17.2 (20.08.2022 16.50) on WINDOWS (J:19.0.2 FX:19)
01:00:59.531 [JavaFX Application Thread] DEBUG Engine               - JRE Vendor Name: Amazon.com Inc.
01:00:59.532 [JavaFX Application Thread] DEBUG Engine               - Running on OS: Windows 11 version 10.0
01:00:59.532 [JavaFX Application Thread] DEBUG Engine               - Architecture: amd64
01:00:59.532 [JavaFX Application Thread] INFO  Engine               - Source code and latest versions at: https://github.com/AlmasB/FXGL
01:00:59.532 [JavaFX Application Thread] INFO  Engine               -       Ask questions and discuss at: https://github.com/AlmasB/FXGL/discussions
01:00:59.532 [JavaFX Application Thread] INFO  Engine               -              Join the FXGL chat at: https://gitter.im/AlmasB/FXGL
01:00:59.655 [JavaFX Application Thread] DEBUG PrimaryStageWindow   - Creating a JavaFX scene
01:00:59.707 [JavaFX Application Thread] DEBUG PrimaryStageWindow   - Target settings size: 1000.0 x 600.0
01:00:59.707 [JavaFX Application Thread] DEBUG PrimaryStageWindow   - Scaled scene size:    1000.0 x 600.0
01:00:59.707 [JavaFX Application Thread] DEBUG PrimaryStageWindow   - Scaled ratio: (1.0, 1.0)
01:00:59.708 [JavaFX Application Thread] DEBUG PrimaryStageWindow   - Set initial scene to FXGLStartupScene
01:00:59.711 [JavaFX Application Thread] DEBUG PrimaryStageWindow   - Opening main window
01:00:59.809 [JavaFX Application Thread] DEBUG PrimaryStageWindow   - Window border size: (16.0, 39.0)
01:00:59.809 [JavaFX Application Thread] DEBUG PrimaryStageWindow   - Scaled size: 1000.0 x 600.0
01:00:59.809 [JavaFX Application Thread] DEBUG PrimaryStageWindow   - Scaled ratio: (1.0, 1.0)
01:00:59.809 [JavaFX Application Thread] DEBUG PrimaryStageWindow   - Scene size: 1000.0 x 600.0
01:00:59.810 [JavaFX Application Thread] DEBUG PrimaryStageWindow   - Stage size: 1016.0 x 639.0
01:00:59.818 [FXGL Background Thread 1 ] DEBUG Engine               - Initializing environment variables
01:00:59.872 [FXGL Background Thread 1 ] DEBUG FXGLAssetLoaderServi - User app class for loading assets: class Game
01:00:59.872 [FXGL Background Thread 1 ] DEBUG GameApplicationServi - Applying CSS: fxgl_dark.css
01:00:59.873 [FXGL Background Thread 1 ] DEBUG FXGLAssetLoaderServi - Loading from file system: jar:file:/C:/Users/paggi/.m2/repository/com/github/almasb/fxgl/17.2/fxgl-17.2.jar!/fxglassets/ui/css/fxgl_dark.css
01:00:59.912 [FXGL Background Thread 1 ] DEBUG GameApplicationServi - Initializing application scenes
01:00:59.945 [FXGL Background Thread 1 ] DEBUG GameWorld            - Game world initialized
01:01:00.003 [FXGL Background Thread 1 ] DEBUG PhysicsWorld         - Physics world initialized: appHeight=600, physics.ppm=50,0
01:01:00.004 [FXGL Background Thread 1 ] DEBUG PhysicsWorld         - Using strategy: BRUTE_FORCE
01:01:00.008 [FXGL Background Thread 1 ] DEBUG GameScene            - Game scene initialized: 1000x600
01:01:00.019 [FXGL Background Thread 1 ] DEBUG FXGL.DefaultMenu     - createMenuBodyGameMenu()
01:01:00.032 [FXGL Background Thread 1 ] DEBUG FXGL.DefaultMenu     - createOptionsMenu()
01:01:00.041 [FXGL Background Thread 1 ] DEBUG FXGLAssetLoaderServi - Loading from file system: jar:file:/C:/Users/paggi/.m2/repository/com/github/almasb/fxgl/17.2/fxgl-17.2.jar!/fxglassets/textures/particles/smoke.png
01:01:00.141 [FXGL Background Thread 1 ] DEBUG FXGLAssetLoaderServi - Loading from file system: jar:file:/C:/Users/paggi/.m2/repository/com/github/almasb/fxgl/17.2/fxgl-17.2.jar!/fxglassets/textures/particles/trace_horizontal.png
01:01:00.161 [FXGL Background Thread 1 ] DEBUG GameApplicationServi - Application scenes initialized
01:01:00.173 [FXGL Background Thread 1 ] DEBUG SystemBundleService  - Loading FXGL system data
01:01:00.179 [FXGL Background Thread 1 ] DEBUG FileSystemAccess     - Reading from: C:\Users\paggi\IdeaProjects\demo\system\fxgl.bundle
01:01:00.188 [FXGL Background Thread 1 ] DEBUG SystemBundleService  - Bundle FXGL: {}
01:01:00.189 [FXGL Background Thread 1 ] DEBUG UpdaterService       - Checking for updates
01:01:00.193 [FXGL Background Thread 4 ] DEBUG FXGLApplication      - Loading fonts
01:01:00.194 [FXGL Background Thread 1 ] DEBUG FXGLApplication      - Loading default localization
01:01:00.194 [FXGL Background Thread 4 ] DEBUG FXGLAssetLoaderServi - Loading from file system: jar:file:/C:/Users/paggi/.m2/repository/com/github/almasb/fxgl/17.2/fxgl-17.2.jar!/fxglassets/ui/fonts/VarelaRound-Regular.ttf
01:01:00.194 [FXGL Background Thread 1 ] DEBUG FXGLAssetLoaderServi - Loading from file system: jar:file:/C:/Users/paggi/.m2/repository/com/github/almasb/fxgl/17.2/fxgl-17.2.jar!/fxglassets/languages/english.lang
01:01:00.222 [FXGL Background Thread 1 ] INFO  FXGLApplication      - FXGL initialization took: 0,405 sec
01:01:00.235 [JavaFX Application Thread] DEBUG Input                - Registered new binding: ENTER - Enter
01:01:00.235 [JavaFX Application Thread] DEBUG Input                - Registered new binding: LEFT - Left
01:01:00.235 [JavaFX Application Thread] DEBUG Input                - Registered new binding: SPACE - Space
01:01:00.235 [JavaFX Application Thread] DEBUG Input                - Registered new binding: RIGHT - Right
01:01:00.235 [JavaFX Application Thread] DEBUG Input                - Registered new binding: DOWN - Down
01:01:00.235 [JavaFX Application Thread] DEBUG Input                - Registered new binding: UP - Up
01:01:00.236 [JavaFX Application Thread] DEBUG Input                - Registered new binding: BACK_SPACE - Backspace
01:01:00.237 [JavaFX Application Thread] DEBUG Input                - Registered new binding: PRIMARY - LMB
01:01:00.237 [JavaFX Application Thread] DEBUG Input                - Registered new binding: SECONDARY - RMB
01:01:00.238 [JavaFX Application Thread] DEBUG FXGLAssetLoaderServi - Loading from file system: jar:file:/C:/Users/paggi/.m2/repository/com/github/almasb/fxgl/17.2/fxgl-17.2.jar!/fxglassets/textures/fxgl_icon.png
01:01:00.258 [JavaFX Application Thread] DEBUG FXGLAssetLoaderServi - Loading from file system: jar:file:/C:/Users/paggi/.m2/repository/com/github/almasb/fxgl/17.2/fxgl-17.2.jar!/fxglassets/textures/fxgl_default_cursor.png
01:01:00.260 [JavaFX Application Thread] DEBUG Input                - Registered new binding: Screenshot - CTRL+8
01:01:00.261 [JavaFX Application Thread] DEBUG Input                - Registered new binding: System info dump - CTRL+9
01:01:00.261 [JavaFX Application Thread] DEBUG Input                - Registered new binding: Restart - CTRL+R
01:01:00.262 [JavaFX Application Thread] DEBUG Input                - Registered new binding: Toggle Debug Camera - CTRL+7
01:01:00.264 [JavaFX Application Thread] DEBUG LoopRunner           - Starting loop
01:01:00.265 [JavaFX Application Thread] DEBUG LoopRunner           - Initializing ScheduledExecutorLoop with fps: 60
01:01:00.267 [JavaFX Application Thread] DEBUG GameApplicationServi - Starting new game
01:01:00.267 [JavaFX Application Thread] DEBUG Input                - Clearing active input actions
01:01:00.279 [JavaFX Application Thread] DEBUG GameApplicationServi - Removing overlay from FXGLStartupScene and adding to FXGLLoadingScene
01:01:00.280 [JavaFX Application Thread] DEBUG PrimaryStageWindow   - FXGLStartupScene -> FXGLLoadingScene
01:01:00.280 [JavaFX Application Thread] DEBUG GameApplicationServi - Clearing previous game
01:01:00.280 [JavaFX Application Thread] DEBUG GameScene            - Clearing game scene
01:01:00.280 [JavaFX Application Thread] DEBUG GameWorld            - Clearing game world
01:01:00.280 [JavaFX Application Thread] DEBUG PhysicsWorld         - Clearing physics world
01:01:00.282 [FXGL Background Thread 1 ] DEBUG FXGLApplication      - Initializing game
01:01:00.283 [FXGL Background Thread 4 ] DEBUG FXGLAssetLoaderServi - Loading from file system: jar:file:/C:/Users/paggi/.m2/repository/com/github/almasb/fxgl/17.2/fxgl-17.2.jar!/fxglassets/ui/fonts/Abel-Regular.ttf
01:01:00.292 [FXGL Background Thread 4 ] DEBUG FXGLAssetLoaderServi - Loading from file system: jar:file:/C:/Users/paggi/.m2/repository/com/github/almasb/fxgl/17.2/fxgl-17.2.jar!/fxglassets/ui/fonts/TerminalLandMono-Regular.otf
01:01:00.302 [FXGL Background Thread 4 ] DEBUG FXGLAssetLoaderServi - Loading from file system: jar:file:/C:/Users/paggi/.m2/repository/com/github/almasb/fxgl/17.2/fxgl-17.2.jar!/fxglassets/ui/fonts/Courier-Prime.ttf
01:01:00.583 [FXGL Background Thread 1 ] INFO  FXGLApplication      - Game initialization took: 0,302 sec
01:01:00.589 [JavaFX Application Thread] DEBUG FXGLApplication      - Registering font factories with UI factory
01:01:00.593 [JavaFX Application Thread] DEBUG Input                - Clearing active input actions
01:01:00.609 [JavaFX Application Thread] DEBUG GameApplicationServi - Removing overlay from FXGLLoadingScene and adding to GameScene
01:01:00.609 [JavaFX Application Thread] DEBUG PrimaryStageWindow   - FXGLLoadingScene -> GameScene
01:01:01.271 [FXGL Background Thread 2 ] INFO  UpdaterService       - Your current version:  17.2
01:01:01.271 [FXGL Background Thread 2 ] INFO  UpdaterService       - Latest stable version: 17.3
01:01:01.994 [JavaFX Application Thread] DEBUG FXGLApplication      - Exiting FXGL
01:01:01.994 [JavaFX Application Thread] DEBUG LoopRunner           - Stopping loop
01:01:01.994 [JavaFX Application Thread] DEBUG SystemBundleService  - Saving FXGL system data
01:01:01.999 [JavaFX Application Thread] DEBUG FileSystemAccess     - Writing to: C:\Users\paggi\IdeaProjects\demo\system\fxgl.bundle
01:01:02.001 [JavaFX Application Thread] DEBUG Async                - Shutting down background threads
01:01:02.002 [JavaFX Application Thread] DEBUG PrimaryStageWindow   - Closing main window
01:01:02.013 [JavaFX Application Thread] DEBUG Logger               - Closing Logger
