01:36:29.289 [main                     ] DEBUG Logger               - Configured Logger
01:36:29.309 [main                     ] DEBUG GameApplication      - Logging settings
Title: Untitled
Version: 0.0
Width: 1000
Height: 600
Fullscreen: false
Intro: false
Profiling: false
Single step:false
App Mode: DEVELOPER
Menu Key: ESCAPE
Stage Style: DECORATED
Scene Factory: class com.almasb.fxgl.app.scene.SceneFactory

01:36:29.702 [JavaFX Application Thread] DEBUG FXGLApplication      - Initializing FXGL
01:36:29.706 [JavaFX Application Thread] INFO  Engine               - FXGL-17.2 (20.08.2022 16.50) on WINDOWS (J:19.0.2 FX:19)
01:36:29.706 [JavaFX Application Thread] DEBUG Engine               - JRE Vendor Name: Amazon.com Inc.
01:36:29.707 [JavaFX Application Thread] DEBUG Engine               - Running on OS: Windows 11 version 10.0
01:36:29.707 [JavaFX Application Thread] DEBUG Engine               - Architecture: amd64
01:36:29.707 [JavaFX Application Thread] INFO  Engine               - Source code and latest versions at: https://github.com/AlmasB/FXGL
01:36:29.707 [JavaFX Application Thread] INFO  Engine               -       Ask questions and discuss at: https://github.com/AlmasB/FXGL/discussions
01:36:29.707 [JavaFX Application Thread] INFO  Engine               -              Join the FXGL chat at: https://gitter.im/AlmasB/FXGL
01:36:29.804 [JavaFX Application Thread] DEBUG PrimaryStageWindow   - Creating a JavaFX scene
01:36:29.844 [JavaFX Application Thread] DEBUG PrimaryStageWindow   - Target settings size: 1000.0 x 600.0
01:36:29.844 [JavaFX Application Thread] DEBUG PrimaryStageWindow   - Scaled scene size:    1000.0 x 600.0
01:36:29.844 [JavaFX Application Thread] DEBUG PrimaryStageWindow   - Scaled ratio: (1.0, 1.0)
01:36:29.845 [JavaFX Application Thread] DEBUG PrimaryStageWindow   - Set initial scene to FXGLStartupScene
01:36:29.848 [JavaFX Application Thread] DEBUG PrimaryStageWindow   - Opening main window
01:36:29.921 [JavaFX Application Thread] DEBUG PrimaryStageWindow   - Window border size: (16.0, 39.0)
01:36:29.922 [JavaFX Application Thread] DEBUG PrimaryStageWindow   - Scaled size: 1000.0 x 600.0
01:36:29.922 [JavaFX Application Thread] DEBUG PrimaryStageWindow   - Scaled ratio: (1.0, 1.0)
01:36:29.922 [JavaFX Application Thread] DEBUG PrimaryStageWindow   - Scene size: 1000.0 x 600.0
01:36:29.922 [JavaFX Application Thread] DEBUG PrimaryStageWindow   - Stage size: 1016.0 x 639.0
01:36:29.930 [FXGL Background Thread 1 ] DEBUG Engine               - Initializing environment variables
01:36:29.977 [FXGL Background Thread 1 ] DEBUG FXGLAssetLoaderServi - User app class for loading assets: class Game
01:36:29.977 [FXGL Background Thread 1 ] DEBUG GameApplicationServi - Applying CSS: fxgl_dark.css
01:36:29.978 [FXGL Background Thread 1 ] DEBUG FXGLAssetLoaderServi - Loading from file system: jar:file:/C:/Users/paggi/.m2/repository/com/github/almasb/fxgl/17.2/fxgl-17.2.jar!/fxglassets/ui/css/fxgl_dark.css
01:36:30.012 [FXGL Background Thread 1 ] DEBUG GameApplicationServi - Initializing application scenes
01:36:30.039 [FXGL Background Thread 1 ] DEBUG GameWorld            - Game world initialized
01:36:30.085 [FXGL Background Thread 1 ] DEBUG PhysicsWorld         - Physics world initialized: appHeight=600, physics.ppm=50,0
01:36:30.085 [FXGL Background Thread 1 ] DEBUG PhysicsWorld         - Using strategy: BRUTE_FORCE
01:36:30.088 [FXGL Background Thread 1 ] DEBUG GameScene            - Game scene initialized: 1000x600
01:36:30.098 [FXGL Background Thread 1 ] DEBUG FXGL.DefaultMenu     - createMenuBodyGameMenu()
01:36:30.112 [FXGL Background Thread 1 ] DEBUG FXGL.DefaultMenu     - createOptionsMenu()
01:36:30.121 [FXGL Background Thread 1 ] DEBUG FXGLAssetLoaderServi - Loading from file system: jar:file:/C:/Users/paggi/.m2/repository/com/github/almasb/fxgl/17.2/fxgl-17.2.jar!/fxglassets/textures/particles/smoke.png
01:36:30.202 [FXGL Background Thread 1 ] DEBUG FXGLAssetLoaderServi - Loading from file system: jar:file:/C:/Users/paggi/.m2/repository/com/github/almasb/fxgl/17.2/fxgl-17.2.jar!/fxglassets/textures/particles/trace_horizontal.png
01:36:30.229 [FXGL Background Thread 1 ] DEBUG GameApplicationServi - Application scenes initialized
01:36:30.240 [FXGL Background Thread 1 ] DEBUG SystemBundleService  - Loading FXGL system data
01:36:30.243 [FXGL Background Thread 1 ] DEBUG FileSystemAccess     - Reading from: C:\Users\paggi\IdeaProjects\demo\system\fxgl.bundle
01:36:30.250 [FXGL Background Thread 1 ] DEBUG SystemBundleService  - Bundle FXGL: {}
01:36:30.250 [FXGL Background Thread 1 ] DEBUG UpdaterService       - Checking for updates
01:36:30.254 [FXGL Background Thread 4 ] DEBUG FXGLApplication      - Loading fonts
01:36:30.254 [FXGL Background Thread 4 ] DEBUG FXGLAssetLoaderServi - Loading from file system: jar:file:/C:/Users/paggi/.m2/repository/com/github/almasb/fxgl/17.2/fxgl-17.2.jar!/fxglassets/ui/fonts/VarelaRound-Regular.ttf
01:36:30.254 [FXGL Background Thread 1 ] DEBUG FXGLApplication      - Loading default localization
01:36:30.255 [FXGL Background Thread 1 ] DEBUG FXGLAssetLoaderServi - Loading from file system: jar:file:/C:/Users/paggi/.m2/repository/com/github/almasb/fxgl/17.2/fxgl-17.2.jar!/fxglassets/languages/english.lang
01:36:30.278 [FXGL Background Thread 1 ] INFO  FXGLApplication      - FXGL initialization took: 0,348 sec
01:36:30.287 [JavaFX Application Thread] DEBUG Input                - Registered new binding: LEFT - Left
01:36:30.287 [JavaFX Application Thread] DEBUG Input                - Registered new binding: DOWN - Down
01:36:30.288 [JavaFX Application Thread] DEBUG Input                - Registered new binding: RIGHT - Right
01:36:30.288 [JavaFX Application Thread] DEBUG Input                - Registered new binding: BACK_SPACE - Backspace
01:36:30.288 [JavaFX Application Thread] DEBUG Input                - Registered new binding: TAB - Tab
01:36:30.288 [JavaFX Application Thread] DEBUG Input                - Registered new binding: UP - Up
01:36:30.288 [JavaFX Application Thread] DEBUG Input                - Registered new binding: SPACE - Space
01:36:30.288 [JavaFX Application Thread] DEBUG Input                - Registered new binding: ENTER - Enter
01:36:30.289 [JavaFX Application Thread] DEBUG Input                - Registered new binding: PRIMARY - LMB
01:36:30.290 [JavaFX Application Thread] DEBUG Input                - Registered new binding: SECONDARY - RMB
01:36:30.290 [JavaFX Application Thread] DEBUG FXGLAssetLoaderServi - Loading from file system: jar:file:/C:/Users/paggi/.m2/repository/com/github/almasb/fxgl/17.2/fxgl-17.2.jar!/fxglassets/textures/fxgl_icon.png
01:36:30.308 [JavaFX Application Thread] DEBUG FXGLAssetLoaderServi - Loading from file system: jar:file:/C:/Users/paggi/.m2/repository/com/github/almasb/fxgl/17.2/fxgl-17.2.jar!/fxglassets/textures/fxgl_default_cursor.png
01:36:30.311 [JavaFX Application Thread] DEBUG Input                - Registered new binding: Screenshot - CTRL+8
01:36:30.311 [JavaFX Application Thread] DEBUG Input                - Registered new binding: System info dump - CTRL+9
01:36:30.311 [JavaFX Application Thread] DEBUG Input                - Registered new binding: Restart - CTRL+R
01:36:30.312 [JavaFX Application Thread] DEBUG Input                - Registered new binding: Toggle Debug Camera - CTRL+7
01:36:30.315 [JavaFX Application Thread] DEBUG LoopRunner           - Starting loop
01:36:30.316 [JavaFX Application Thread] DEBUG LoopRunner           - Initializing ScheduledExecutorLoop with fps: 60
01:36:30.317 [JavaFX Application Thread] DEBUG GameApplicationServi - Starting new game
01:36:30.318 [JavaFX Application Thread] DEBUG Input                - Clearing active input actions
01:36:30.330 [JavaFX Application Thread] DEBUG GameApplicationServi - Removing overlay from FXGLStartupScene and adding to FXGLLoadingScene
01:36:30.330 [FXGL Background Thread 4 ] DEBUG FXGLAssetLoaderServi - Loading from file system: jar:file:/C:/Users/paggi/.m2/repository/com/github/almasb/fxgl/17.2/fxgl-17.2.jar!/fxglassets/ui/fonts/Abel-Regular.ttf
01:36:30.330 [JavaFX Application Thread] DEBUG PrimaryStageWindow   - FXGLStartupScene -> FXGLLoadingScene
01:36:30.330 [JavaFX Application Thread] DEBUG GameApplicationServi - Clearing previous game
01:36:30.330 [JavaFX Application Thread] DEBUG GameScene            - Clearing game scene
01:36:30.330 [JavaFX Application Thread] DEBUG GameWorld            - Clearing game world
01:36:30.330 [JavaFX Application Thread] DEBUG PhysicsWorld         - Clearing physics world
01:36:30.331 [FXGL Background Thread 1 ] DEBUG FXGLApplication      - Initializing game
01:36:30.336 [FXGL Background Thread 4 ] DEBUG FXGLAssetLoaderServi - Loading from file system: jar:file:/C:/Users/paggi/.m2/repository/com/github/almasb/fxgl/17.2/fxgl-17.2.jar!/fxglassets/ui/fonts/TerminalLandMono-Regular.otf
01:36:30.345 [FXGL Background Thread 4 ] DEBUG FXGLAssetLoaderServi - Loading from file system: jar:file:/C:/Users/paggi/.m2/repository/com/github/almasb/fxgl/17.2/fxgl-17.2.jar!/fxglassets/ui/fonts/Courier-Prime.ttf
01:36:30.372 [JavaFX Application Thread] DEBUG FXGLApplication      - Registering font factories with UI factory
01:36:30.420 [FXGL Background Thread 1 ] INFO  FXGLApplication      - Game initialization took: 0,089 sec
01:36:30.432 [JavaFX Application Thread] DEBUG Input                - Clearing active input actions
01:36:30.448 [JavaFX Application Thread] DEBUG GameApplicationServi - Removing overlay from FXGLLoadingScene and adding to GameScene
01:36:30.449 [JavaFX Application Thread] DEBUG PrimaryStageWindow   - FXGLLoadingScene -> GameScene
01:36:30.854 [FXGL Background Thread 2 ] INFO  UpdaterService       - Your current version:  17.2
01:36:30.854 [FXGL Background Thread 2 ] INFO  UpdaterService       - Latest stable version: 17.3
01:36:33.254 [FXGL Background Thread 3 ] DEBUG Engine               - Logging environment variables
01:36:33.254 [FXGL Background Thread 3 ] DEBUG Engine               - achievements: []
01:36:33.254 [FXGL Background Thread 3 ] DEBUG Engine               - actualHeight: 600.0
01:36:33.254 [FXGL Background Thread 3 ] DEBUG Engine               - actualHeightProperty: ReadOnlyDoubleProperty [value: 600.0]
01:36:33.254 [FXGL Background Thread 3 ] DEBUG Engine               - actualWidth: 1000.0
01:36:33.255 [FXGL Background Thread 3 ] DEBUG Engine               - actualWidthProperty: ReadOnlyDoubleProperty [value: 1000.0]
01:36:33.255 [FXGL Background Thread 3 ] DEBUG Engine               - appIcon: fxgl_icon.png
01:36:33.255 [FXGL Background Thread 3 ] DEBUG Engine               - applicationMode: DEVELOPER
01:36:33.255 [FXGL Background Thread 3 ] DEBUG Engine               - cSSList: [fxgl_dark.css]
01:36:33.255 [FXGL Background Thread 3 ] DEBUG Engine               - collisionDetectionStrategy: BRUTE_FORCE
01:36:33.255 [FXGL Background Thread 3 ] DEBUG Engine               - configClass: Optional.empty
01:36:33.255 [FXGL Background Thread 3 ] DEBUG Engine               - credits: []
01:36:33.255 [FXGL Background Thread 3 ] DEBUG Engine               - defaultCursor: CursorInfo(imageName=fxgl_default_cursor.png, hotspotX=7.0, hotspotY=6.0)
01:36:33.255 [FXGL Background Thread 3 ] DEBUG Engine               - devBBoxColorProperty: ObjectProperty [value: 0xff0000ff]
01:36:33.256 [FXGL Background Thread 3 ] DEBUG Engine               - devEnableDebugCameraProperty: BooleanProperty [value: false]
01:36:33.256 [FXGL Background Thread 3 ] DEBUG Engine               - devSensorColorProperty: ObjectProperty [value: 0xffff00ff]
01:36:33.256 [FXGL Background Thread 3 ] DEBUG Engine               - devShowBBoxProperty: BooleanProperty [value: false]
01:36:33.256 [FXGL Background Thread 3 ] DEBUG Engine               - devShowPositionProperty: BooleanProperty [value: false]
01:36:33.256 [FXGL Background Thread 3 ] DEBUG Engine               - enabledMenuItems: []
01:36:33.256 [FXGL Background Thread 3 ] DEBUG Engine               - engineServices: [class com.almasb.fxgl.app.services.FXGLAssetLoaderService, class com.almasb.fxgl.app.FXGLApplication$GameApplicationService, class com.almasb.fxgl.app.services.FXGLDialogService, class com.almasb.fxgl.app.services.IOTaskExecutorService, class com.almasb.fxgl.io.FileSystemService, class com.almasb.fxgl.localization.LocalizationService, class com.almasb.fxgl.app.services.SystemBundleService, class com.almasb.fxgl.profile.SaveLoadService, class com.almasb.fxgl.ui.FXGLUIFactoryServiceProvider, class com.almasb.fxgl.ui.FXGLDialogFactoryServiceProvider, class com.almasb.fxgl.audio.AudioPlayer, class com.almasb.fxgl.notification.impl.NotificationServiceProvider, class com.almasb.fxgl.achievement.AchievementService, class com.almasb.fxgl.cutscene.CutsceneService, class com.almasb.fxgl.minigames.MiniGameService, class com.almasb.fxgl.net.NetService, class com.almasb.fxgl.app.services.UpdaterService, class com.almasb.fxgl.dev.DevService]
01:36:33.256 [FXGL Background Thread 3 ] DEBUG Engine               - fontGame: Abel-Regular.ttf
01:36:33.256 [FXGL Background Thread 3 ] DEBUG Engine               - fontMono: TerminalLandMono-Regular.otf
01:36:33.256 [FXGL Background Thread 3 ] DEBUG Engine               - fontText: Courier-Prime.ttf
01:36:33.256 [FXGL Background Thread 3 ] DEBUG Engine               - fontUI: VarelaRound-Regular.ttf
01:36:33.256 [FXGL Background Thread 3 ] DEBUG Engine               - fullScreen: BooleanProperty [value: false]
01:36:33.256 [FXGL Background Thread 3 ] DEBUG Engine               - gameDifficulty: MEDIUM
01:36:33.256 [FXGL Background Thread 3 ] DEBUG Engine               - gameDifficultyProperty: ObjectProperty [value: MEDIUM]
01:36:33.256 [FXGL Background Thread 3 ] DEBUG Engine               - globalMusicVolume: 0.5
01:36:33.256 [FXGL Background Thread 3 ] DEBUG Engine               - globalMusicVolumeProperty: DoubleProperty [value: 0.5]
01:36:33.257 [FXGL Background Thread 3 ] DEBUG Engine               - globalSoundVolume: 0.5
01:36:33.257 [FXGL Background Thread 3 ] DEBUG Engine               - globalSoundVolumeProperty: DoubleProperty [value: 0.5]
01:36:33.257 [FXGL Background Thread 3 ] DEBUG Engine               - height: 600
01:36:33.257 [FXGL Background Thread 3 ] DEBUG Engine               - is3D: false
01:36:33.257 [FXGL Background Thread 3 ] DEBUG Engine               - isAndroid: false
01:36:33.257 [FXGL Background Thread 3 ] DEBUG Engine               - isBrowser: false
01:36:33.257 [FXGL Background Thread 3 ] DEBUG Engine               - isClickFeedbackEnabled: false
01:36:33.257 [FXGL Background Thread 3 ] DEBUG Engine               - isCloseConfirmation: false
01:36:33.257 [FXGL Background Thread 3 ] DEBUG Engine               - isDesktop: true
01:36:33.257 [FXGL Background Thread 3 ] DEBUG Engine               - isDeveloperMenuEnabled: false
01:36:33.257 [FXGL Background Thread 3 ] DEBUG Engine               - isEmbedded: false
01:36:33.257 [FXGL Background Thread 3 ] DEBUG Engine               - isEntityPreloadEnabled: true
01:36:33.257 [FXGL Background Thread 3 ] DEBUG Engine               - isExperimentalTiledLargeMap: false
01:36:33.257 [FXGL Background Thread 3 ] DEBUG Engine               - isFileSystemWriteAllowed: true
01:36:33.257 [FXGL Background Thread 3 ] DEBUG Engine               - isFullScreenAllowed: false
01:36:33.257 [FXGL Background Thread 3 ] DEBUG Engine               - isFullScreenFromStart: false
01:36:33.257 [FXGL Background Thread 3 ] DEBUG Engine               - isGameMenuEnabled: true
01:36:33.257 [FXGL Background Thread 3 ] DEBUG Engine               - isIOS: false
01:36:33.258 [FXGL Background Thread 3 ] DEBUG Engine               - isIntroEnabled: false
01:36:33.258 [FXGL Background Thread 3 ] DEBUG Engine               - isLinux: false
01:36:33.258 [FXGL Background Thread 3 ] DEBUG Engine               - isMac: false
01:36:33.258 [FXGL Background Thread 3 ] DEBUG Engine               - isMainMenuEnabled: false
01:36:33.258 [FXGL Background Thread 3 ] DEBUG Engine               - isManualResizeEnabled: false
01:36:33.258 [FXGL Background Thread 3 ] DEBUG Engine               - isMobile: false
01:36:33.258 [FXGL Background Thread 3 ] DEBUG Engine               - isNative: false
01:36:33.258 [FXGL Background Thread 3 ] DEBUG Engine               - isPauseMusicWhenMinimized: true
01:36:33.258 [FXGL Background Thread 3 ] DEBUG Engine               - isPreserveResizeRatio: false
01:36:33.258 [FXGL Background Thread 3 ] DEBUG Engine               - isProfilingEnabled: false
01:36:33.258 [FXGL Background Thread 3 ] DEBUG Engine               - isScaleAffectedOnResize: true
01:36:33.259 [FXGL Background Thread 3 ] DEBUG Engine               - isSingleStep: false
01:36:33.259 [FXGL Background Thread 3 ] DEBUG Engine               - isUserProfileEnabled: false
01:36:33.259 [FXGL Background Thread 3 ] DEBUG Engine               - isWindows: true
01:36:33.259 [FXGL Background Thread 3 ] DEBUG Engine               - language: ObjectProperty [value: ENGLISH]
01:36:33.259 [FXGL Background Thread 3 ] DEBUG Engine               - menuKey: ESCAPE
01:36:33.259 [FXGL Background Thread 3 ] DEBUG Engine               - mouseSensitivity: 0.2
01:36:33.259 [FXGL Background Thread 3 ] DEBUG Engine               - notificationViewClass: class com.almasb.fxgl.notification.view.XboxNotificationView
01:36:33.259 [FXGL Background Thread 3 ] DEBUG Engine               - pixelsPerMeter: 50.0
01:36:33.259 [FXGL Background Thread 3 ] DEBUG Engine               - platform: WINDOWS
01:36:33.259 [FXGL Background Thread 3 ] DEBUG Engine               - prefHeightProperty: ReadOnlyDoubleProperty [value: 600.0]
01:36:33.259 [FXGL Background Thread 3 ] DEBUG Engine               - prefWidthProperty: ReadOnlyDoubleProperty [value: 1000.0]
01:36:33.259 [FXGL Background Thread 3 ] DEBUG Engine               - profileDir: profiles/
01:36:33.259 [FXGL Background Thread 3 ] DEBUG Engine               - profileName: StringProperty [value: DEFAULT]
01:36:33.259 [FXGL Background Thread 3 ] DEBUG Engine               - randomSeed: -1
01:36:33.260 [FXGL Background Thread 3 ] DEBUG Engine               - runtimeInfo: RuntimeInfo(platform=WINDOWS, version=17.2, build=20.08.2022 16.50)
01:36:33.260 [FXGL Background Thread 3 ] DEBUG Engine               - saveFileExt: sav
01:36:33.260 [FXGL Background Thread 3 ] DEBUG Engine               - scaledHeightProp$fxgl: DoubleProperty [bound, value: 600.0]
01:36:33.260 [FXGL Background Thread 3 ] DEBUG Engine               - scaledWidthProp$fxgl: DoubleProperty [bound, value: 1000.0]
01:36:33.260 [FXGL Background Thread 3 ] DEBUG Engine               - sceneFactory: com.almasb.fxgl.app.scene.SceneFactory@1e04b389
01:36:33.260 [FXGL Background Thread 3 ] DEBUG Engine               - secondsIn24h: 60
01:36:33.260 [FXGL Background Thread 3 ] DEBUG Engine               - soundMenuBack: menu/back.wav
01:36:33.260 [FXGL Background Thread 3 ] DEBUG Engine               - soundMenuPress: menu/press.wav
01:36:33.260 [FXGL Background Thread 3 ] DEBUG Engine               - soundMenuSelect: menu/select.wav
01:36:33.260 [FXGL Background Thread 3 ] DEBUG Engine               - soundNotification: core/notification.wav
01:36:33.260 [FXGL Background Thread 3 ] DEBUG Engine               - stageStyle: DECORATED
01:36:33.260 [FXGL Background Thread 3 ] DEBUG Engine               - supportedLanguages: [ENGLISH, FRENCH, GERMAN, HUNGARIAN, RUSSIAN]
01:36:33.260 [FXGL Background Thread 3 ] DEBUG Engine               - ticksPerSecond: 60
01:36:33.260 [FXGL Background Thread 3 ] DEBUG Engine               - title: Untitled
01:36:33.260 [FXGL Background Thread 3 ] DEBUG Engine               - urlGithub: https://github.com/AlmasB/FXGL
01:36:33.260 [FXGL Background Thread 3 ] DEBUG Engine               - urlLeaderboard: http://fxgl-top.herokuapp.com/
01:36:33.260 [FXGL Background Thread 3 ] DEBUG Engine               - urlPOM: https://raw.githubusercontent.com/AlmasB/FXGL/release/README.md
01:36:33.261 [FXGL Background Thread 3 ] DEBUG Engine               - userAppClass: class Game
01:36:33.261 [FXGL Background Thread 3 ] DEBUG Engine               - version: 0.0
01:36:33.261 [FXGL Background Thread 3 ] DEBUG Engine               - versionCheckDays: 7
01:36:33.261 [FXGL Background Thread 3 ] DEBUG Engine               - width: 1000
01:36:33.261 [FXGL Background Thread 3 ] DEBUG Engine               - Logging services
01:36:33.261 [FXGL Background Thread 3 ] DEBUG Engine               - class com.almasb.fxgl.app.services.FXGLAssetLoaderService
01:36:33.261 [FXGL Background Thread 3 ] DEBUG Engine               - class com.almasb.fxgl.app.FXGLApplication$GameApplicationService
01:36:33.261 [FXGL Background Thread 3 ] DEBUG Engine               - class com.almasb.fxgl.app.services.FXGLDialogService
01:36:33.261 [FXGL Background Thread 3 ] DEBUG Engine               - class com.almasb.fxgl.app.services.IOTaskExecutorService
01:36:33.261 [FXGL Background Thread 3 ] DEBUG Engine               - class com.almasb.fxgl.io.FileSystemService
01:36:33.261 [FXGL Background Thread 3 ] DEBUG Engine               - class com.almasb.fxgl.localization.LocalizationService
01:36:33.261 [FXGL Background Thread 3 ] DEBUG Engine               - class com.almasb.fxgl.app.services.SystemBundleService
01:36:33.261 [FXGL Background Thread 3 ] DEBUG Engine               - class com.almasb.fxgl.profile.SaveLoadService
01:36:33.261 [FXGL Background Thread 3 ] DEBUG Engine               - class com.almasb.fxgl.ui.FXGLUIFactoryServiceProvider
01:36:33.261 [FXGL Background Thread 3 ] DEBUG Engine               - class com.almasb.fxgl.ui.FXGLDialogFactoryServiceProvider
01:36:33.261 [FXGL Background Thread 3 ] DEBUG Engine               - class com.almasb.fxgl.audio.AudioPlayer
01:36:33.261 [FXGL Background Thread 3 ] DEBUG Engine               - class com.almasb.fxgl.notification.impl.NotificationServiceProvider
01:36:33.261 [FXGL Background Thread 3 ] DEBUG Engine               - class com.almasb.fxgl.achievement.AchievementService
01:36:33.261 [FXGL Background Thread 3 ] DEBUG Engine               - class com.almasb.fxgl.cutscene.CutsceneService
01:36:33.261 [FXGL Background Thread 3 ] DEBUG Engine               - class com.almasb.fxgl.minigames.MiniGameService
01:36:33.261 [FXGL Background Thread 3 ] DEBUG Engine               - class com.almasb.fxgl.net.NetService
01:36:33.261 [FXGL Background Thread 3 ] DEBUG Engine               - class com.almasb.fxgl.app.services.UpdaterService
01:36:33.262 [FXGL Background Thread 3 ] DEBUG Engine               - class com.almasb.fxgl.dev.DevService
01:36:43.158 [JavaFX Application Thread] DEBUG FXGLApplication      - Exiting FXGL
01:36:43.158 [JavaFX Application Thread] DEBUG LoopRunner           - Stopping loop
01:36:43.159 [JavaFX Application Thread] DEBUG SystemBundleService  - Saving FXGL system data
01:36:43.160 [JavaFX Application Thread] DEBUG FileSystemAccess     - Writing to: C:\Users\paggi\IdeaProjects\demo\system\fxgl.bundle
01:36:43.162 [JavaFX Application Thread] DEBUG Async                - Shutting down background threads
01:36:43.162 [JavaFX Application Thread] DEBUG PrimaryStageWindow   - Closing main window
01:36:43.172 [JavaFX Application Thread] DEBUG Logger               - Closing Logger
