00:55:46.273 [main                     ] DEBUG Logger               - Configured Logger
00:55:46.295 [main                     ] DEBUG GameApplication      - Logging settings
Title: Untitled
Version: 0.0
Width: 1000
Height: 600
Fullscreen: false
Intro: false
Profiling: false
Single step:false
App Mode: DEVELOPER
Menu Key: ESCAPE
Stage Style: DECORATED
Scene Factory: class com.almasb.fxgl.app.scene.SceneFactory

00:55:46.687 [JavaFX Application Thread] DEBUG FXGLApplication      - Initializing FXGL
00:55:46.692 [JavaFX Application Thread] INFO  Engine               - FXGL-17.2 (20.08.2022 16.50) on WINDOWS (J:19.0.2 FX:19)
00:55:46.692 [JavaFX Application Thread] DEBUG Engine               - JRE Vendor Name: Amazon.com Inc.
00:55:46.692 [JavaFX Application Thread] DEBUG Engine               - Running on OS: Windows 11 version 10.0
00:55:46.692 [JavaFX Application Thread] DEBUG Engine               - Architecture: amd64
00:55:46.692 [JavaFX Application Thread] INFO  Engine               - Source code and latest versions at: https://github.com/AlmasB/FXGL
00:55:46.693 [JavaFX Application Thread] INFO  Engine               -       Ask questions and discuss at: https://github.com/AlmasB/FXGL/discussions
00:55:46.693 [JavaFX Application Thread] INFO  Engine               -              Join the FXGL chat at: https://gitter.im/AlmasB/FXGL
00:55:46.789 [JavaFX Application Thread] DEBUG PrimaryStageWindow   - Creating a JavaFX scene
00:55:46.831 [JavaFX Application Thread] DEBUG PrimaryStageWindow   - Target settings size: 1000.0 x 600.0
00:55:46.831 [JavaFX Application Thread] DEBUG PrimaryStageWindow   - Scaled scene size:    1000.0 x 600.0
00:55:46.831 [JavaFX Application Thread] DEBUG PrimaryStageWindow   - Scaled ratio: (1.0, 1.0)
00:55:46.832 [JavaFX Application Thread] DEBUG PrimaryStageWindow   - Set initial scene to FXGLStartupScene
00:55:46.835 [JavaFX Application Thread] DEBUG PrimaryStageWindow   - Opening main window
00:55:46.907 [JavaFX Application Thread] DEBUG PrimaryStageWindow   - Window border size: (16.0, 39.0)
00:55:46.907 [JavaFX Application Thread] DEBUG PrimaryStageWindow   - Scaled size: 1000.0 x 600.0
00:55:46.907 [JavaFX Application Thread] DEBUG PrimaryStageWindow   - Scaled ratio: (1.0, 1.0)
00:55:46.909 [JavaFX Application Thread] DEBUG PrimaryStageWindow   - Scene size: 1000.0 x 600.0
00:55:46.909 [JavaFX Application Thread] DEBUG PrimaryStageWindow   - Stage size: 1016.0 x 639.0
00:55:46.915 [FXGL Background Thread 1 ] DEBUG Engine               - Initializing environment variables
00:55:46.965 [FXGL Background Thread 1 ] DEBUG FXGLAssetLoaderServi - User app class for loading assets: class Game
00:55:46.965 [FXGL Background Thread 1 ] DEBUG GameApplicationServi - Applying CSS: fxgl_dark.css
00:55:46.967 [FXGL Background Thread 1 ] DEBUG FXGLAssetLoaderServi - Loading from file system: jar:file:/C:/Users/paggi/.m2/repository/com/github/almasb/fxgl/17.2/fxgl-17.2.jar!/fxglassets/ui/css/fxgl_dark.css
00:55:47.002 [FXGL Background Thread 1 ] DEBUG GameApplicationServi - Initializing application scenes
00:55:47.028 [FXGL Background Thread 1 ] DEBUG GameWorld            - Game world initialized
00:55:47.075 [FXGL Background Thread 1 ] DEBUG PhysicsWorld         - Physics world initialized: appHeight=600, physics.ppm=50,0
00:55:47.076 [FXGL Background Thread 1 ] DEBUG PhysicsWorld         - Using strategy: BRUTE_FORCE
00:55:47.079 [FXGL Background Thread 1 ] DEBUG GameScene            - Game scene initialized: 1000x600
00:55:47.091 [FXGL Background Thread 1 ] DEBUG FXGL.DefaultMenu     - createMenuBodyGameMenu()
00:55:47.105 [FXGL Background Thread 1 ] DEBUG FXGL.DefaultMenu     - createOptionsMenu()
00:55:47.113 [FXGL Background Thread 1 ] DEBUG FXGLAssetLoaderServi - Loading from file system: jar:file:/C:/Users/paggi/.m2/repository/com/github/almasb/fxgl/17.2/fxgl-17.2.jar!/fxglassets/textures/particles/smoke.png
00:55:47.204 [FXGL Background Thread 1 ] DEBUG FXGLAssetLoaderServi - Loading from file system: jar:file:/C:/Users/paggi/.m2/repository/com/github/almasb/fxgl/17.2/fxgl-17.2.jar!/fxglassets/textures/particles/trace_horizontal.png
00:55:47.229 [FXGL Background Thread 1 ] DEBUG GameApplicationServi - Application scenes initialized
00:55:47.241 [FXGL Background Thread 1 ] DEBUG SystemBundleService  - Loading FXGL system data
00:55:47.245 [FXGL Background Thread 1 ] DEBUG FileSystemAccess     - Reading from: C:\Users\paggi\IdeaProjects\demo\system\fxgl.bundle
00:55:47.252 [FXGL Background Thread 1 ] DEBUG SystemBundleService  - Bundle FXGL: {}
00:55:47.252 [FXGL Background Thread 1 ] DEBUG UpdaterService       - Checking for updates
00:55:47.256 [FXGL Background Thread 4 ] DEBUG FXGLApplication      - Loading fonts
00:55:47.256 [FXGL Background Thread 1 ] DEBUG FXGLApplication      - Loading default localization
00:55:47.256 [FXGL Background Thread 4 ] DEBUG FXGLAssetLoaderServi - Loading from file system: jar:file:/C:/Users/paggi/.m2/repository/com/github/almasb/fxgl/17.2/fxgl-17.2.jar!/fxglassets/ui/fonts/VarelaRound-Regular.ttf
00:55:47.256 [FXGL Background Thread 1 ] DEBUG FXGLAssetLoaderServi - Loading from file system: jar:file:/C:/Users/paggi/.m2/repository/com/github/almasb/fxgl/17.2/fxgl-17.2.jar!/fxglassets/languages/english.lang
00:55:47.276 [FXGL Background Thread 1 ] INFO  FXGLApplication      - FXGL initialization took: 0,361 sec
00:55:47.286 [JavaFX Application Thread] DEBUG Input                - Registered new binding: LEFT - Left
00:55:47.286 [JavaFX Application Thread] DEBUG Input                - Registered new binding: DOWN - Down
00:55:47.287 [JavaFX Application Thread] DEBUG Input                - Registered new binding: RIGHT - Right
00:55:47.287 [JavaFX Application Thread] DEBUG Input                - Registered new binding: BACK_SPACE - Backspace
00:55:47.287 [JavaFX Application Thread] DEBUG Input                - Registered new binding: UP - Up
00:55:47.287 [JavaFX Application Thread] DEBUG Input                - Registered new binding: SPACE - Space
00:55:47.287 [JavaFX Application Thread] DEBUG Input                - Registered new binding: ENTER - Enter
00:55:47.288 [JavaFX Application Thread] DEBUG Input                - Registered new binding: PRIMARY - LMB
00:55:47.288 [JavaFX Application Thread] DEBUG Input                - Registered new binding: SECONDARY - RMB
00:55:47.288 [JavaFX Application Thread] DEBUG FXGLAssetLoaderServi - Loading from file system: jar:file:/C:/Users/paggi/.m2/repository/com/github/almasb/fxgl/17.2/fxgl-17.2.jar!/fxglassets/textures/fxgl_icon.png
00:55:47.305 [JavaFX Application Thread] DEBUG FXGLAssetLoaderServi - Loading from file system: jar:file:/C:/Users/paggi/.m2/repository/com/github/almasb/fxgl/17.2/fxgl-17.2.jar!/fxglassets/textures/fxgl_default_cursor.png
00:55:47.309 [JavaFX Application Thread] DEBUG Input                - Registered new binding: Screenshot - CTRL+8
00:55:47.310 [JavaFX Application Thread] DEBUG Input                - Registered new binding: System info dump - CTRL+9
00:55:47.310 [JavaFX Application Thread] DEBUG Input                - Registered new binding: Restart - CTRL+R
00:55:47.311 [JavaFX Application Thread] DEBUG Input                - Registered new binding: Toggle Debug Camera - CTRL+7
00:55:47.313 [JavaFX Application Thread] DEBUG LoopRunner           - Starting loop
00:55:47.313 [JavaFX Application Thread] DEBUG LoopRunner           - Initializing ScheduledExecutorLoop with fps: 60
00:55:47.315 [JavaFX Application Thread] DEBUG GameApplicationServi - Starting new game
00:55:47.316 [JavaFX Application Thread] DEBUG Input                - Clearing active input actions
00:55:47.326 [JavaFX Application Thread] DEBUG GameApplicationServi - Removing overlay from FXGLStartupScene and adding to FXGLLoadingScene
00:55:47.326 [JavaFX Application Thread] DEBUG PrimaryStageWindow   - FXGLStartupScene -> FXGLLoadingScene
00:55:47.326 [JavaFX Application Thread] DEBUG GameApplicationServi - Clearing previous game
00:55:47.326 [JavaFX Application Thread] DEBUG GameScene            - Clearing game scene
00:55:47.327 [JavaFX Application Thread] DEBUG GameWorld            - Clearing game world
00:55:47.327 [JavaFX Application Thread] DEBUG PhysicsWorld         - Clearing physics world
00:55:47.329 [FXGL Background Thread 1 ] DEBUG FXGLApplication      - Initializing game
00:55:47.335 [FXGL Background Thread 4 ] DEBUG FXGLAssetLoaderServi - Loading from file system: jar:file:/C:/Users/paggi/.m2/repository/com/github/almasb/fxgl/17.2/fxgl-17.2.jar!/fxglassets/ui/fonts/Abel-Regular.ttf
00:55:47.343 [FXGL Background Thread 4 ] DEBUG FXGLAssetLoaderServi - Loading from file system: jar:file:/C:/Users/paggi/.m2/repository/com/github/almasb/fxgl/17.2/fxgl-17.2.jar!/fxglassets/ui/fonts/TerminalLandMono-Regular.otf
00:55:47.351 [FXGL Background Thread 4 ] DEBUG FXGLAssetLoaderServi - Loading from file system: jar:file:/C:/Users/paggi/.m2/repository/com/github/almasb/fxgl/17.2/fxgl-17.2.jar!/fxglassets/ui/fonts/Courier-Prime.ttf
00:55:47.378 [JavaFX Application Thread] DEBUG FXGLApplication      - Registering font factories with UI factory
00:55:47.407 [FXGL Background Thread 1 ] INFO  FXGLApplication      - Game initialization took: 0,078 sec
00:55:47.453 [JavaFX Application Thread] DEBUG Input                - Clearing active input actions
00:55:47.465 [JavaFX Application Thread] DEBUG GameApplicationServi - Removing overlay from FXGLLoadingScene and adding to GameScene
00:55:47.465 [JavaFX Application Thread] DEBUG PrimaryStageWindow   - FXGLLoadingScene -> GameScene
00:55:47.793 [FXGL Background Thread 2 ] INFO  UpdaterService       - Your current version:  17.2
00:55:47.793 [FXGL Background Thread 2 ] INFO  UpdaterService       - Latest stable version: 17.3
00:55:50.257 [FXGL Background Thread 3 ] DEBUG Engine               - Logging environment variables
00:55:50.257 [FXGL Background Thread 3 ] DEBUG Engine               - achievements: []
00:55:50.257 [FXGL Background Thread 3 ] DEBUG Engine               - actualHeight: 600.0
00:55:50.257 [FXGL Background Thread 3 ] DEBUG Engine               - actualHeightProperty: ReadOnlyDoubleProperty [value: 600.0]
00:55:50.257 [FXGL Background Thread 3 ] DEBUG Engine               - actualWidth: 1000.0
00:55:50.257 [FXGL Background Thread 3 ] DEBUG Engine               - actualWidthProperty: ReadOnlyDoubleProperty [value: 1000.0]
00:55:50.257 [FXGL Background Thread 3 ] DEBUG Engine               - appIcon: fxgl_icon.png
00:55:50.257 [FXGL Background Thread 3 ] DEBUG Engine               - applicationMode: DEVELOPER
00:55:50.258 [FXGL Background Thread 3 ] DEBUG Engine               - cSSList: [fxgl_dark.css]
00:55:50.258 [FXGL Background Thread 3 ] DEBUG Engine               - collisionDetectionStrategy: BRUTE_FORCE
00:55:50.258 [FXGL Background Thread 3 ] DEBUG Engine               - configClass: Optional.empty
00:55:50.258 [FXGL Background Thread 3 ] DEBUG Engine               - credits: []
00:55:50.258 [FXGL Background Thread 3 ] DEBUG Engine               - defaultCursor: CursorInfo(imageName=fxgl_default_cursor.png, hotspotX=7.0, hotspotY=6.0)
00:55:50.258 [FXGL Background Thread 3 ] DEBUG Engine               - devBBoxColorProperty: ObjectProperty [value: 0xff0000ff]
00:55:50.258 [FXGL Background Thread 3 ] DEBUG Engine               - devEnableDebugCameraProperty: BooleanProperty [value: false]
00:55:50.258 [FXGL Background Thread 3 ] DEBUG Engine               - devSensorColorProperty: ObjectProperty [value: 0xffff00ff]
00:55:50.258 [FXGL Background Thread 3 ] DEBUG Engine               - devShowBBoxProperty: BooleanProperty [value: false]
00:55:50.258 [FXGL Background Thread 3 ] DEBUG Engine               - devShowPositionProperty: BooleanProperty [value: false]
00:55:50.258 [FXGL Background Thread 3 ] DEBUG Engine               - enabledMenuItems: []
00:55:50.258 [FXGL Background Thread 3 ] DEBUG Engine               - engineServices: [class com.almasb.fxgl.app.services.FXGLAssetLoaderService, class com.almasb.fxgl.app.FXGLApplication$GameApplicationService, class com.almasb.fxgl.app.services.FXGLDialogService, class com.almasb.fxgl.app.services.IOTaskExecutorService, class com.almasb.fxgl.io.FileSystemService, class com.almasb.fxgl.localization.LocalizationService, class com.almasb.fxgl.app.services.SystemBundleService, class com.almasb.fxgl.profile.SaveLoadService, class com.almasb.fxgl.ui.FXGLUIFactoryServiceProvider, class com.almasb.fxgl.ui.FXGLDialogFactoryServiceProvider, class com.almasb.fxgl.audio.AudioPlayer, class com.almasb.fxgl.notification.impl.NotificationServiceProvider, class com.almasb.fxgl.achievement.AchievementService, class com.almasb.fxgl.cutscene.CutsceneService, class com.almasb.fxgl.minigames.MiniGameService, class com.almasb.fxgl.net.NetService, class com.almasb.fxgl.app.services.UpdaterService, class com.almasb.fxgl.dev.DevService]
00:55:50.259 [FXGL Background Thread 3 ] DEBUG Engine               - fontGame: Abel-Regular.ttf
00:55:50.259 [FXGL Background Thread 3 ] DEBUG Engine               - fontMono: TerminalLandMono-Regular.otf
00:55:50.259 [FXGL Background Thread 3 ] DEBUG Engine               - fontText: Courier-Prime.ttf
00:55:50.259 [FXGL Background Thread 3 ] DEBUG Engine               - fontUI: VarelaRound-Regular.ttf
00:55:50.259 [FXGL Background Thread 3 ] DEBUG Engine               - fullScreen: BooleanProperty [value: false]
00:55:50.259 [FXGL Background Thread 3 ] DEBUG Engine               - gameDifficulty: MEDIUM
00:55:50.259 [FXGL Background Thread 3 ] DEBUG Engine               - gameDifficultyProperty: ObjectProperty [value: MEDIUM]
00:55:50.259 [FXGL Background Thread 3 ] DEBUG Engine               - globalMusicVolume: 0.5
00:55:50.259 [FXGL Background Thread 3 ] DEBUG Engine               - globalMusicVolumeProperty: DoubleProperty [value: 0.5]
00:55:50.259 [FXGL Background Thread 3 ] DEBUG Engine               - globalSoundVolume: 0.5
00:55:50.259 [FXGL Background Thread 3 ] DEBUG Engine               - globalSoundVolumeProperty: DoubleProperty [value: 0.5]
00:55:50.259 [FXGL Background Thread 3 ] DEBUG Engine               - height: 600
00:55:50.259 [FXGL Background Thread 3 ] DEBUG Engine               - is3D: false
00:55:50.259 [FXGL Background Thread 3 ] DEBUG Engine               - isAndroid: false
00:55:50.259 [FXGL Background Thread 3 ] DEBUG Engine               - isBrowser: false
00:55:50.259 [FXGL Background Thread 3 ] DEBUG Engine               - isClickFeedbackEnabled: false
00:55:50.259 [FXGL Background Thread 3 ] DEBUG Engine               - isCloseConfirmation: false
00:55:50.259 [FXGL Background Thread 3 ] DEBUG Engine               - isDesktop: true
00:55:50.259 [FXGL Background Thread 3 ] DEBUG Engine               - isDeveloperMenuEnabled: false
00:55:50.259 [FXGL Background Thread 3 ] DEBUG Engine               - isEmbedded: false
00:55:50.260 [FXGL Background Thread 3 ] DEBUG Engine               - isEntityPreloadEnabled: true
00:55:50.260 [FXGL Background Thread 3 ] DEBUG Engine               - isExperimentalTiledLargeMap: false
00:55:50.260 [FXGL Background Thread 3 ] DEBUG Engine               - isFileSystemWriteAllowed: true
00:55:50.260 [FXGL Background Thread 3 ] DEBUG Engine               - isFullScreenAllowed: false
00:55:50.260 [FXGL Background Thread 3 ] DEBUG Engine               - isFullScreenFromStart: false
00:55:50.260 [FXGL Background Thread 3 ] DEBUG Engine               - isGameMenuEnabled: true
00:55:50.260 [FXGL Background Thread 3 ] DEBUG Engine               - isIOS: false
00:55:50.260 [FXGL Background Thread 3 ] DEBUG Engine               - isIntroEnabled: false
00:55:50.260 [FXGL Background Thread 3 ] DEBUG Engine               - isLinux: false
00:55:50.260 [FXGL Background Thread 3 ] DEBUG Engine               - isMac: false
00:55:50.260 [FXGL Background Thread 3 ] DEBUG Engine               - isMainMenuEnabled: false
00:55:50.260 [FXGL Background Thread 3 ] DEBUG Engine               - isManualResizeEnabled: false
00:55:50.260 [FXGL Background Thread 3 ] DEBUG Engine               - isMobile: false
00:55:50.260 [FXGL Background Thread 3 ] DEBUG Engine               - isNative: false
00:55:50.260 [FXGL Background Thread 3 ] DEBUG Engine               - isPauseMusicWhenMinimized: true
00:55:50.260 [FXGL Background Thread 3 ] DEBUG Engine               - isPreserveResizeRatio: false
00:55:50.260 [FXGL Background Thread 3 ] DEBUG Engine               - isProfilingEnabled: false
00:55:50.260 [FXGL Background Thread 3 ] DEBUG Engine               - isScaleAffectedOnResize: true
00:55:50.260 [FXGL Background Thread 3 ] DEBUG Engine               - isSingleStep: false
00:55:50.260 [FXGL Background Thread 3 ] DEBUG Engine               - isUserProfileEnabled: false
00:55:50.260 [FXGL Background Thread 3 ] DEBUG Engine               - isWindows: true
00:55:50.260 [FXGL Background Thread 3 ] DEBUG Engine               - language: ObjectProperty [value: ENGLISH]
00:55:50.260 [FXGL Background Thread 3 ] DEBUG Engine               - menuKey: ESCAPE
00:55:50.261 [FXGL Background Thread 3 ] DEBUG Engine               - mouseSensitivity: 0.2
00:55:50.261 [FXGL Background Thread 3 ] DEBUG Engine               - notificationViewClass: class com.almasb.fxgl.notification.view.XboxNotificationView
00:55:50.261 [FXGL Background Thread 3 ] DEBUG Engine               - pixelsPerMeter: 50.0
00:55:50.261 [FXGL Background Thread 3 ] DEBUG Engine               - platform: WINDOWS
00:55:50.261 [FXGL Background Thread 3 ] DEBUG Engine               - prefHeightProperty: ReadOnlyDoubleProperty [value: 600.0]
00:55:50.261 [FXGL Background Thread 3 ] DEBUG Engine               - prefWidthProperty: ReadOnlyDoubleProperty [value: 1000.0]
00:55:50.261 [FXGL Background Thread 3 ] DEBUG Engine               - profileDir: profiles/
00:55:50.261 [FXGL Background Thread 3 ] DEBUG Engine               - profileName: StringProperty [value: DEFAULT]
00:55:50.261 [FXGL Background Thread 3 ] DEBUG Engine               - randomSeed: -1
00:55:50.261 [FXGL Background Thread 3 ] DEBUG Engine               - runtimeInfo: RuntimeInfo(platform=WINDOWS, version=17.2, build=20.08.2022 16.50)
00:55:50.261 [FXGL Background Thread 3 ] DEBUG Engine               - saveFileExt: sav
00:55:50.261 [FXGL Background Thread 3 ] DEBUG Engine               - scaledHeightProp$fxgl: DoubleProperty [bound, value: 600.0]
00:55:50.261 [FXGL Background Thread 3 ] DEBUG Engine               - scaledWidthProp$fxgl: DoubleProperty [bound, value: 1000.0]
00:55:50.261 [FXGL Background Thread 3 ] DEBUG Engine               - sceneFactory: com.almasb.fxgl.app.scene.SceneFactory@4a29d9a2
00:55:50.261 [FXGL Background Thread 3 ] DEBUG Engine               - secondsIn24h: 60
00:55:50.261 [FXGL Background Thread 3 ] DEBUG Engine               - soundMenuBack: menu/back.wav
00:55:50.262 [FXGL Background Thread 3 ] DEBUG Engine               - soundMenuPress: menu/press.wav
00:55:50.262 [FXGL Background Thread 3 ] DEBUG Engine               - soundMenuSelect: menu/select.wav
00:55:50.262 [FXGL Background Thread 3 ] DEBUG Engine               - soundNotification: core/notification.wav
00:55:50.262 [FXGL Background Thread 3 ] DEBUG Engine               - stageStyle: DECORATED
00:55:50.262 [FXGL Background Thread 3 ] DEBUG Engine               - supportedLanguages: [ENGLISH, FRENCH, GERMAN, HUNGARIAN, RUSSIAN]
00:55:50.262 [FXGL Background Thread 3 ] DEBUG Engine               - ticksPerSecond: 60
00:55:50.262 [FXGL Background Thread 3 ] DEBUG Engine               - title: Untitled
00:55:50.262 [FXGL Background Thread 3 ] DEBUG Engine               - urlGithub: https://github.com/AlmasB/FXGL
00:55:50.262 [FXGL Background Thread 3 ] DEBUG Engine               - urlLeaderboard: http://fxgl-top.herokuapp.com/
00:55:50.262 [FXGL Background Thread 3 ] DEBUG Engine               - urlPOM: https://raw.githubusercontent.com/AlmasB/FXGL/release/README.md
00:55:50.262 [FXGL Background Thread 3 ] DEBUG Engine               - userAppClass: class Game
00:55:50.262 [FXGL Background Thread 3 ] DEBUG Engine               - version: 0.0
00:55:50.262 [FXGL Background Thread 3 ] DEBUG Engine               - versionCheckDays: 7
00:55:50.262 [FXGL Background Thread 3 ] DEBUG Engine               - width: 1000
00:55:50.262 [FXGL Background Thread 3 ] DEBUG Engine               - Logging services
00:55:50.262 [FXGL Background Thread 3 ] DEBUG Engine               - class com.almasb.fxgl.app.services.FXGLAssetLoaderService
00:55:50.262 [FXGL Background Thread 3 ] DEBUG Engine               - class com.almasb.fxgl.app.FXGLApplication$GameApplicationService
00:55:50.262 [FXGL Background Thread 3 ] DEBUG Engine               - class com.almasb.fxgl.app.services.FXGLDialogService
00:55:50.262 [FXGL Background Thread 3 ] DEBUG Engine               - class com.almasb.fxgl.app.services.IOTaskExecutorService
00:55:50.262 [FXGL Background Thread 3 ] DEBUG Engine               - class com.almasb.fxgl.io.FileSystemService
00:55:50.262 [FXGL Background Thread 3 ] DEBUG Engine               - class com.almasb.fxgl.localization.LocalizationService
00:55:50.262 [FXGL Background Thread 3 ] DEBUG Engine               - class com.almasb.fxgl.app.services.SystemBundleService
00:55:50.262 [FXGL Background Thread 3 ] DEBUG Engine               - class com.almasb.fxgl.profile.SaveLoadService
00:55:50.262 [FXGL Background Thread 3 ] DEBUG Engine               - class com.almasb.fxgl.ui.FXGLUIFactoryServiceProvider
00:55:50.262 [FXGL Background Thread 3 ] DEBUG Engine               - class com.almasb.fxgl.ui.FXGLDialogFactoryServiceProvider
00:55:50.262 [FXGL Background Thread 3 ] DEBUG Engine               - class com.almasb.fxgl.audio.AudioPlayer
00:55:50.262 [FXGL Background Thread 3 ] DEBUG Engine               - class com.almasb.fxgl.notification.impl.NotificationServiceProvider
00:55:50.263 [FXGL Background Thread 3 ] DEBUG Engine               - class com.almasb.fxgl.achievement.AchievementService
00:55:50.263 [FXGL Background Thread 3 ] DEBUG Engine               - class com.almasb.fxgl.cutscene.CutsceneService
00:55:50.263 [FXGL Background Thread 3 ] DEBUG Engine               - class com.almasb.fxgl.minigames.MiniGameService
00:55:50.263 [FXGL Background Thread 3 ] DEBUG Engine               - class com.almasb.fxgl.net.NetService
00:55:50.263 [FXGL Background Thread 3 ] DEBUG Engine               - class com.almasb.fxgl.app.services.UpdaterService
00:55:50.263 [FXGL Background Thread 3 ] DEBUG Engine               - class com.almasb.fxgl.dev.DevService
00:56:00.091 [JavaFX Application Thread] DEBUG FXGLApplication      - Exiting FXGL
00:56:00.091 [JavaFX Application Thread] DEBUG LoopRunner           - Stopping loop
00:56:00.091 [JavaFX Application Thread] DEBUG SystemBundleService  - Saving FXGL system data
00:56:00.093 [JavaFX Application Thread] DEBUG FileSystemAccess     - Writing to: C:\Users\paggi\IdeaProjects\demo\system\fxgl.bundle
00:56:00.094 [JavaFX Application Thread] DEBUG Async                - Shutting down background threads
00:56:00.094 [JavaFX Application Thread] DEBUG PrimaryStageWindow   - Closing main window
00:56:00.122 [JavaFX Application Thread] DEBUG Logger               - Closing Logger
